<?xml version="1.0" encoding="UTF-8"?>
<!-- Generated by org.testng.reporters.JUnitReportReporter -->
<testsuite hostname="LAPTOP-VNBA3OG5" failures="0" tests="1" name="DistinctElementFromArray.DistinctElementsOfArray" time="0.010" errors="0" timestamp="2021-10-12T22:00:49 CDT" skipped="0">
  <testcase classname="DistinctElementFromArray.DistinctElementsOfArray" name="test2" time="0.010"/>
  <system-out/>
</testsuite> <!-- DistinctElementFromArray.DistinctElementsOfArray -->
